<?xml version="1.0" encoding="UTF-8"?>
<!-- Generated by org.testng.reporters.JUnitReportReporter -->
<testsuite skipped="0" hostname="pcpcpcpcpc" name="MainSite" tests="2" failures="0" timestamp="2022-03-16T21:09:06 EET" time="15.209" errors="0">
  <testcase name="T02_Login" time="8.188" classname="MainSite"/>
  <system-out/>
  <testcase name="T01_Register" time="7.021" classname="MainSite"/>
  <system-out/>
</testsuite> <!-- MainSite -->
